  Main.cpp
  Game.cpp
  Generating Code...
  SFMLOpenGL.vcxproj -> C:\Users\c00220386\Source\Repos\Practical10\Debug\SFMLOpenGL.exe
  SFMLOpenGL.vcxproj -> C:\Users\c00220386\Source\Repos\Practical10\Debug\SFMLOpenGL.pdb (Partial PDB)
  C:\SFML-2.4.2\bin\openal32.dll
  C:\SFML-2.4.2\bin\sfml-audio-2.dll
  C:\SFML-2.4.2\bin\sfml-audio-d-2.dll
  C:\SFML-2.4.2\bin\sfml-graphics-2.dll
  C:\SFML-2.4.2\bin\sfml-graphics-d-2.dll
  C:\SFML-2.4.2\bin\sfml-network-2.dll
  C:\SFML-2.4.2\bin\sfml-network-d-2.dll
  C:\SFML-2.4.2\bin\sfml-system-2.dll
  C:\SFML-2.4.2\bin\sfml-system-d-2.dll
  C:\SFML-2.4.2\bin\sfml-window-2.dll
  C:\SFML-2.4.2\bin\sfml-window-d-2.dll
  11 File(s) copied
  C:\glew-2.0.0\bin\Release\Win32\glew32.dll
  C:\glew-2.0.0\bin\Release\Win32\glewinfo.exe
  C:\glew-2.0.0\bin\Release\Win32\visualinfo.exe
  3 File(s) copied
